<?xml version="1.0" encoding="UTF-8"?>
<!-- Generated by org.testng.reporters.JUnitReportReporter -->
<testsuite skipped="0" hostname="MERCED" name="com.tests.TestWebChromeBrowser" tests="1" failures="0" timestamp="2020-06-01T17:45:00 EDT" time="11.064" errors="0">
  <testcase name="testMethod" time="11.064" classname="com.tests.TestWebChromeBrowser"/>
</testsuite> <!-- com.tests.TestWebChromeBrowser -->
