<?xml version="1.0" encoding="UTF-8"?>
<!-- Generated by org.testng.reporters.JUnitReportReporter -->
<testsuite skipped="0" hostname="MERCED" name="com.tests.TestRunGoogleChromeApp" tests="1" failures="0" timestamp="2020-06-01T11:43:22 EDT" time="19.030" errors="0">
  <testcase name="testMethod" time="19.030" classname="com.tests.TestRunGoogleChromeApp"/>
</testsuite> <!-- com.tests.TestRunGoogleChromeApp -->
