<?xml version="1.0" encoding="UTF-8"?>
<!-- Generated by org.testng.reporters.JUnitReportReporter -->
<testsuite skipped="0" hostname="MERCED" name="com.tests.TestToto" tests="1" failures="0" timestamp="2020-06-01T17:22:25 EDT" time="49.919" errors="0">
  <testcase name="testMethod" time="49.919" classname="com.tests.TestToto"/>
</testsuite> <!-- com.tests.TestToto -->
